[    0.000000] Linux version 4.15.0-109-generic (buildd@lgw01-amd64-010) (gcc version 7.5.0 (Ubuntu 7.5.0-3ubuntu1~18.04)) #110-Ubuntu SMP Tue Jun 23 02:39:32 UTC 2020 (Ubuntu 4.15.0-109.110-generic 4.15.18)
[    0.000000] Command line: BOOT_IMAGE=/boot/vmlinuz-4.15.0-109-generic root=LABEL=cloudimg-rootfs ro console=tty1 console=ttyS0
[    0.000000] KERNEL supported cpus:
[    0.000000]   Intel GenuineIntel
[    0.000000]   AMD AuthenticAMD
[    0.000000]   Centaur CentaurHauls
[    0.000000] x86/fpu: Supporting XSAVE feature 0x001: 'x87 floating point registers'
[    0.000000] x86/fpu: Supporting XSAVE feature 0x002: 'SSE registers'
[    0.000000] x86/fpu: Supporting XSAVE feature 0x004: 'AVX registers'
[    0.000000] x86/fpu: xstate_offset[2]:  576, xstate_sizes[2]:  256
[    0.000000] x86/fpu: Enabled xstate features 0x7, context size is 832 bytes, using 'standard' format.
[    0.000000] e820: BIOS-provided physical RAM map:
[    0.000000] BIOS-e820: [mem 0x0000000000000000-0x000000000009fbff] usable
[    0.000000] BIOS-e820: [mem 0x000000000009fc00-0x000000000009ffff] reserved
[    0.000000] BIOS-e820: [mem 0x00000000000f0000-0x00000000000fffff] reserved
[    0.000000] BIOS-e820: [mem 0x0000000000100000-0x00000000dffeffff] usable
[    0.000000] BIOS-e820: [mem 0x00000000dfff0000-0x00000000dfffffff] ACPI data
[    0.000000] BIOS-e820: [mem 0x00000000fec00000-0x00000000fec00fff] reserved
[    0.000000] BIOS-e820: [mem 0x00000000fee00000-0x00000000fee00fff] reserved
[    0.000000] BIOS-e820: [mem 0x00000000fffc0000-0x00000000ffffffff] reserved
[    0.000000] BIOS-e820: [mem 0x0000000100000000-0x000000011fffffff] usable
[    0.000000] NX (Execute Disable) protection: active
[    0.000000] SMBIOS 2.5 present.
[    0.000000] DMI: innotek GmbH VirtualBox/VirtualBox, BIOS VirtualBox 12/01/2006
[    0.000000] Hypervisor detected: KVM
[    0.000000] e820: last_pfn = 0x120000 max_arch_pfn = 0x400000000
[    0.000000] MTRR: Disabled
[    0.000000] x86/PAT: MTRRs disabled, skipping PAT initialization too.
[    0.000000] CPU MTRRs all blank - virtualized system.
[    0.000000] x86/PAT: Configuration [0-7]: WB  WT  UC- UC  WB  WT  UC- UC  
[    0.000000] e820: last_pfn = 0xdfff0 max_arch_pfn = 0x400000000
[    0.000000] found SMP MP-table at [mem 0x0009fff0-0x0009ffff]
[    0.000000] Scanning 1 areas for low memory corruption
[    0.000000] RAMDISK: [mem 0x35a69000-0x36d2bfff]
[    0.000000] ACPI: Early table checksum verification disabled
[    0.000000] ACPI: RSDP 0x00000000000E0000 000024 (v02 VBOX  )
[    0.000000] ACPI: XSDT 0x00000000DFFF0030 00003C (v01 VBOX   VBOXXSDT 00000001 ASL  00000061)
[    0.000000] ACPI: FACP 0x00000000DFFF00F0 0000F4 (v04 VBOX   VBOXFACP 00000001 ASL  00000061)
[    0.000000] ACPI: DSDT 0x00000000DFFF0470 002325 (v02 VBOX   VBOXBIOS 00000002 INTL 20190509)
[    0.000000] ACPI: FACS 0x00000000DFFF0200 000040
[    0.000000] ACPI: FACS 0x00000000DFFF0200 000040
[    0.000000] ACPI: APIC 0x00000000DFFF0240 00005C (v02 VBOX   VBOXAPIC 00000001 ASL  00000061)
[    0.000000] ACPI: SSDT 0x00000000DFFF02A0 0001CC (v01 VBOX   VBOXCPUT 00000002 INTL 20190509)
[    0.000000] No NUMA configuration found
[    0.000000] Faking a node at [mem 0x0000000000000000-0x000000011fffffff]
[    0.000000] NODE_DATA(0) allocated [mem 0x11ffd1000-0x11fffbfff]
[    0.000000] kvm-clock: cpu 0, msr 1:1ff50001, primary cpu clock
[    0.000000] kvm-clock: Using msrs 4b564d01 and 4b564d00
[    0.000000] kvm-clock: using sched offset of 3640310493 cycles
[    0.000000] clocksource: kvm-clock: mask: 0xffffffffffffffff max_cycles: 0x1cd42e4dffb, max_idle_ns: 881590591483 ns
[    0.000000] Zone ranges:
[    0.000000]   DMA      [mem 0x0000000000001000-0x0000000000ffffff]
[    0.000000]   DMA32    [mem 0x0000000001000000-0x00000000ffffffff]
[    0.000000]   Normal   [mem 0x0000000100000000-0x000000011fffffff]
[    0.000000]   Device   empty
[    0.000000] Movable zone start for each node
[    0.000000] Early memory node ranges
[    0.000000]   node   0: [mem 0x0000000000001000-0x000000000009efff]
[    0.000000]   node   0: [mem 0x0000000000100000-0x00000000dffeffff]
[    0.000000]   node   0: [mem 0x0000000100000000-0x000000011fffffff]
[    0.000000] Reserved but unavailable: 98 pages
[    0.000000] Initmem setup node 0 [mem 0x0000000000001000-0x000000011fffffff]
[    0.000000] ACPI: PM-Timer IO Port: 0x4008
[    0.000000] IOAPIC[0]: apic_id 2, version 32, address 0xfec00000, GSI 0-23
[    0.000000] ACPI: INT_SRC_OVR (bus 0 bus_irq 0 global_irq 2 dfl dfl)
[    0.000000] ACPI: INT_SRC_OVR (bus 0 bus_irq 9 global_irq 9 low level)
[    0.000000] Using ACPI (MADT) for SMP configuration information
[    0.000000] smpboot: Allowing 2 CPUs, 0 hotplug CPUs
[    0.000000] PM: Registered nosave memory: [mem 0x00000000-0x00000fff]
[    0.000000] PM: Registered nosave memory: [mem 0x0009f000-0x0009ffff]
[    0.000000] PM: Registered nosave memory: [mem 0x000a0000-0x000effff]
[    0.000000] PM: Registered nosave memory: [mem 0x000f0000-0x000fffff]
[    0.000000] PM: Registered nosave memory: [mem 0xdfff0000-0xdfffffff]
[    0.000000] PM: Registered nosave memory: [mem 0xe0000000-0xfebfffff]
[    0.000000] PM: Registered nosave memory: [mem 0xfec00000-0xfec00fff]
[    0.000000] PM: Registered nosave memory: [mem 0xfec01000-0xfedfffff]
[    0.000000] PM: Registered nosave memory: [mem 0xfee00000-0xfee00fff]
[    0.000000] PM: Registered nosave memory: [mem 0xfee01000-0xfffbffff]
[    0.000000] PM: Registered nosave memory: [mem 0xfffc0000-0xffffffff]
[    0.000000] e820: [mem 0xe0000000-0xfebfffff] available for PCI devices
[    0.000000] Booting paravirtualized kernel on KVM
[    0.000000] clocksource: refined-jiffies: mask: 0xffffffff max_cycles: 0xffffffff, max_idle_ns: 7645519600211568 ns
[    0.000000] random: get_random_bytes called from start_kernel+0x99/0x500 with crng_init=0
[    0.000000] setup_percpu: NR_CPUS:8192 nr_cpumask_bits:2 nr_cpu_ids:2 nr_node_ids:1
[    0.000000] percpu: Embedded 45 pages/cpu s147456 r8192 d28672 u1048576
[    0.000000] PV qspinlock hash table entries: 256 (order: 0, 4096 bytes)
[    0.000000] Built 1 zonelists, mobility grouping on.  Total pages: 1032057
[    0.000000] Policy zone: Normal
[    0.000000] Kernel command line: BOOT_IMAGE=/boot/vmlinuz-4.15.0-109-generic root=LABEL=cloudimg-rootfs ro console=tty1 console=ttyS0
[    0.000000] Memory: 4013648K/4193848K available (12300K kernel code, 2481K rwdata, 4272K rodata, 2436K init, 2720K bss, 180200K reserved, 0K cma-reserved)
[    0.000000] SLUB: HWalign=64, Order=0-3, MinObjects=0, CPUs=2, Nodes=1
[    0.000000] Kernel/User page tables isolation: enabled
[    0.000000] ftrace: allocating 39378 entries in 154 pages
[    0.004000] Hierarchical RCU implementation.
[    0.004000] 	RCU restricting CPUs from NR_CPUS=8192 to nr_cpu_ids=2.
[    0.004000] 	Tasks RCU enabled.
[    0.004000] RCU: Adjusting geometry for rcu_fanout_leaf=16, nr_cpu_ids=2
[    0.004000] NR_IRQS: 524544, nr_irqs: 440, preallocated irqs: 16
[    0.004000] Console: colour VGA+ 80x25
[    0.004000] console [tty1] enabled
[    0.004000] console [ttyS0] enabled
[    0.004000] ACPI: Core revision 20170831
[    0.004000] ACPI: 2 ACPI AML tables successfully acquired and loaded
[    0.004000] APIC: Switch to symmetric I/O mode setup
[    0.004000] x2apic enabled
[    0.004000] Switched APIC routing to physical x2apic.
[    0.004000] ..TIMER: vector=0x30 apic1=0 pin1=2 apic2=-1 pin2=-1
[    0.004000] tsc: Detected 1991.998 MHz processor
[    0.004000] Calibrating delay loop (skipped) preset value.. 3983.99 BogoMIPS (lpj=7967992)
[    0.004003] pid_max: default: 32768 minimum: 301
[    0.004531] Security Framework initialized
[    0.004975] Yama: becoming mindful.
[    0.005377] AppArmor: AppArmor initialized
[    0.006895] Dentry cache hash table entries: 524288 (order: 10, 4194304 bytes)
[    0.008572] Inode-cache hash table entries: 262144 (order: 9, 2097152 bytes)
[    0.009387] Mount-cache hash table entries: 8192 (order: 4, 65536 bytes)
[    0.010121] Mountpoint-cache hash table entries: 8192 (order: 4, 65536 bytes)
[    0.011093] Last level iTLB entries: 4KB 64, 2MB 8, 4MB 8
[    0.012002] Last level dTLB entries: 4KB 64, 2MB 0, 4MB 0, 1GB 4
[    0.012625] Spectre V1 : Mitigation: usercopy/swapgs barriers and __user pointer sanitization
[    0.013559] Spectre V2 : Mitigation: Full generic retpoline
[    0.014188] Spectre V2 : Spectre v2 / SpectreRSB mitigation: Filling RSB on context switch
[    0.015081] Speculative Store Bypass: Vulnerable
[    0.015617] SRBDS: Unknown: Dependent on hypervisor status
[    0.016001] MDS: Mitigation: Clear CPU buffers
[    0.016672] Freeing SMP alternatives memory: 36K
[    0.127356] smpboot: CPU0: Intel(R) Core(TM) i7-8550U CPU @ 1.80GHz (family: 0x6, model: 0x8e, stepping: 0xa)
[    0.128000] Performance Events: unsupported p6 CPU model 142 no PMU driver, software events only.
[    0.128040] Hierarchical SRCU implementation.
[    0.130065] NMI watchdog: Perf event create on CPU 0 failed with -2
[    0.131277] NMI watchdog: Perf NMI watchdog permanently disabled
[    0.132059] smp: Bringing up secondary CPUs ...
[    0.134009] x86: Booting SMP configuration:
[    0.135000] .... node  #0, CPUs:      #1
[    0.004000] kvm-clock: cpu 1, msr 1:1ff50041, secondary cpu clock
[    0.138855] smp: Brought up 1 node, 2 CPUs
[    0.140005] smpboot: Max logical packages: 1
[    0.140920] smpboot: Total of 2 processors activated (7967.99 BogoMIPS)
[    0.142843] devtmpfs: initialized
[    0.142843] x86/mm: Memory block size: 128MB
[    0.144540] evm: security.selinux
[    0.146539] evm: security.SMACK64
[    0.148004] evm: security.SMACK64EXEC
[    0.148812] evm: security.SMACK64TRANSMUTE
[    0.149665] evm: security.SMACK64MMAP
[    0.150502] evm: security.apparmor
[    0.152002] evm: security.ima
[    0.152610] evm: security.capability
[    0.153133] clocksource: jiffies: mask: 0xffffffff max_cycles: 0xffffffff, max_idle_ns: 7645041785100000 ns
[    0.153226] futex hash table entries: 512 (order: 3, 32768 bytes)
[    0.153961] pinctrl core: initialized pinctrl subsystem
[    0.156088] RTC time:  7:04:04, date: 09/14/20
[    0.156788] NET: Registered protocol family 16
[    0.157448] audit: initializing netlink subsys (disabled)
[    0.158148] audit: type=2000 audit(1600067049.959:1): state=initialized audit_enabled=0 res=1
[    0.158148] cpuidle: using governor ladder
[    0.158148] cpuidle: using governor menu
[    0.160032] ACPI: bus type PCI registered
[    0.160520] acpiphp: ACPI Hot Plug PCI Controller Driver version: 0.5
[    0.161310] PCI: Using configuration type 1 for base access
[    0.161968] HugeTLB registered 2.00 MiB page size, pre-allocated 0 pages
[    0.164058] ACPI: Added _OSI(Module Device)
[    0.164598] ACPI: Added _OSI(Processor Device)
[    0.165143] ACPI: Added _OSI(3.0 _SCP Extensions)
[    0.165705] ACPI: Added _OSI(Processor Aggregator Device)
[    0.166321] ACPI: Added _OSI(Linux-Dell-Video)
[    0.166865] ACPI: Added _OSI(Linux-Lenovo-NV-HDMI-Audio)
[    0.168002] ACPI: Added _OSI(Linux-HPI-Hybrid-Graphics)
[    0.168846] ACPI: Executed 1 blocks of module-level executable AML code
[    0.172000] ACPI: Interpreter enabled
[    0.172009] ACPI: (supports S0 S5)
[    0.172431] ACPI: Using IOAPIC for interrupt routing
[    0.173225] PCI: Using host bridge windows from ACPI; if necessary, use "pci=nocrs" and report a bug
[    0.174379] ACPI: Enabled 2 GPEs in block 00 to 07
[    0.180000] ACPI: PCI Root Bridge [PCI0] (domain 0000 [bus 00-ff])
[    0.180009] acpi PNP0A03:00: _OSC: OS supports [ASPM ClockPM Segments MSI]
[    0.181130] acpi PNP0A03:00: _OSC: not requesting OS control; OS requires [ExtendedConfig ASPM ClockPM MSI]
[    0.182279] acpi PNP0A03:00: fail to add MMCONFIG information, can't access extended PCI configuration space under this bridge.
[    0.184268] PCI host bridge to bus 0000:00
[    0.184774] pci_bus 0000:00: root bus resource [io  0x0000-0x0cf7 window]
[    0.185555] pci_bus 0000:00: root bus resource [io  0x0d00-0xffff window]
[    0.186381] pci_bus 0000:00: root bus resource [mem 0x000a0000-0x000bffff window]
[    0.188002] pci_bus 0000:00: root bus resource [mem 0xe0000000-0xfdffffff window]
[    0.188892] pci_bus 0000:00: root bus resource [bus 00-ff]
[    0.190784] pci 0000:00:01.1: legacy IDE quirk: reg 0x10: [io  0x01f0-0x01f7]
[    0.192002] pci 0000:00:01.1: legacy IDE quirk: reg 0x14: [io  0x03f6]
[    0.192761] pci 0000:00:01.1: legacy IDE quirk: reg 0x18: [io  0x0170-0x0177]
[    0.193600] pci 0000:00:01.1: legacy IDE quirk: reg 0x1c: [io  0x0376]
[    0.240035] pci 0000:00:07.0: quirk: [io  0x4000-0x403f] claimed by PIIX4 ACPI
[    0.240946] pci 0000:00:07.0: quirk: [io  0x4100-0x410f] claimed by PIIX4 SMB
[    0.272842] ACPI: PCI Interrupt Link [LNKA] (IRQs 5 9 10 *11)
[    0.273784] ACPI: PCI Interrupt Link [LNKB] (IRQs 5 9 *10 11)
[    0.274540] ACPI: PCI Interrupt Link [LNKC] (IRQs 5 *9 10 11)
[    0.275291] ACPI: PCI Interrupt Link [LNKD] (IRQs 5 9 10 *11)
[    0.276307] SCSI subsystem initialized
[    0.276880] pci 0000:00:02.0: vgaarb: setting as boot VGA device
[    0.276880] pci 0000:00:02.0: vgaarb: VGA device added: decodes=io+mem,owns=io+mem,locks=none
[    0.277705] pci 0000:00:02.0: vgaarb: bridge control possible
[    0.278333] vgaarb: loaded
[    0.278692] ACPI: bus type USB registered
[    0.280036] usbcore: registered new interface driver usbfs
[    0.280721] usbcore: registered new interface driver hub
[    0.281314] usbcore: registered new device driver usb
[    0.281933] EDAC MC: Ver: 3.0.0
[    0.281933] PCI: Using ACPI for IRQ routing
[    0.281933] NetLabel: Initializing
[    0.284009] NetLabel:  domain hash size = 128
[    0.284526] NetLabel:  protocols = UNLABELED CIPSOv4 CALIPSO
[    0.285134] NetLabel:  unlabeled traffic allowed by default
[    0.285820] clocksource: Switched to clocksource kvm-clock
[    0.293882] VFS: Disk quotas dquot_6.6.0
[    0.294437] VFS: Dquot-cache hash table entries: 512 (order 0, 4096 bytes)
[    0.295274] AppArmor: AppArmor Filesystem Enabled
[    0.295863] pnp: PnP ACPI init
[    0.297036] pnp: PnP ACPI: found 3 devices
[    0.305482] clocksource: acpi_pm: mask: 0xffffff max_cycles: 0xffffff, max_idle_ns: 2085701024 ns
[    0.306562] NET: Registered protocol family 2
[    0.307326] TCP established hash table entries: 32768 (order: 6, 262144 bytes)
[    0.308209] TCP bind hash table entries: 32768 (order: 7, 524288 bytes)
[    0.309030] TCP: Hash tables configured (established 32768 bind 32768)
[    0.309768] UDP hash table entries: 2048 (order: 4, 65536 bytes)
[    0.310449] UDP-Lite hash table entries: 2048 (order: 4, 65536 bytes)
[    0.311164] NET: Registered protocol family 1
[    0.311683] pci 0000:00:00.0: Limiting direct PCI/PCI transfers
[    0.312375] pci 0000:00:01.0: Activating ISA DMA hang workarounds
[    0.313048] pci 0000:00:02.0: Video device with shadowed ROM at [mem 0x000c0000-0x000dffff]
[    0.313983] Unpacking initramfs...
[    0.527169] Freeing initrd memory: 19212K
[    0.527721] PCI-DMA: Using software bounce buffering for IO (SWIOTLB)
[    0.528458] software IO TLB: mapped [mem 0xdbff0000-0xdfff0000] (64MB)
[    0.529193] clocksource: tsc: mask: 0xffffffffffffffff max_cycles: 0x396d4e5fc9d, max_idle_ns: 881590756024 ns
[    0.530277] platform rtc_cmos: registered platform RTC device (no PNP device found)
[    0.531154] Scanning for low memory corruption every 60 seconds
[    0.532306] Initialise system trusted keyrings
[    0.532830] Key type blacklist registered
[    0.533405] workingset: timestamp_bits=36 max_order=20 bucket_order=0
[    0.535831] zbud: loaded
[    0.536940] squashfs: version 4.0 (2009/01/31) Phillip Lougher
[    0.537903] fuse init (API version 7.26)
[    0.540886] Key type asymmetric registered
[    0.541415] Asymmetric key parser 'x509' registered
[    0.542028] Block layer SCSI generic (bsg) driver version 0.4 loaded (major 246)
[    0.542932] io scheduler noop registered
[    0.543391] io scheduler deadline registered
[    0.543885] io scheduler cfq registered (default)
[    0.544707] ACPI: AC Adapter [AC] (on-line)
[    0.545216] input: Power Button as /devices/LNXSYSTM:00/LNXPWRBN:00/input/input0
[    0.546074] ACPI: Power Button [PWRF]
[    0.546558] input: Sleep Button as /devices/LNXSYSTM:00/LNXSLPBN:00/input/input1
[    0.547358] ACPI: Sleep Button [SLPF]
[    0.548523] ACPI: Battery Slot [BAT0] (battery present)
[    0.549262] Serial: 8250/16550 driver, 32 ports, IRQ sharing enabled
[    0.570534] 00:02: ttyS0 at I/O 0x3f8 (irq = 4, base_baud = 115200) is a 16550A
[    0.573905] Linux agpgart interface v0.103
[    0.576477] loop: module loaded
[    0.577431] scsi host0: ata_piix
[    0.578042] scsi host1: ata_piix
[    0.578549] ata1: PATA max UDMA/33 cmd 0x1f0 ctl 0x3f6 bmdma 0xd000 irq 14
[    0.579452] ata2: PATA max UDMA/33 cmd 0x170 ctl 0x376 bmdma 0xd008 irq 15
[    0.580487] libphy: Fixed MDIO Bus: probed
[    0.581067] tun: Universal TUN/TAP device driver, 1.6
[    0.581801] PPP generic driver version 2.4.2
[    0.582510] ehci_hcd: USB 2.0 'Enhanced' Host Controller (EHCI) Driver
[    0.583462] ehci-pci: EHCI PCI platform driver
[    0.584077] ehci-platform: EHCI generic platform driver
[    0.584682] ohci_hcd: USB 1.1 'Open' Host Controller (OHCI) Driver
[    0.585374] ohci-pci: OHCI PCI platform driver
[    0.585899] ohci-platform: OHCI generic platform driver
[    0.586509] uhci_hcd: USB Universal Host Controller Interface driver
[    0.587283] i8042: PNP: PS/2 Controller [PNP0303:PS2K,PNP0f03:PS2M] at 0x60,0x64 irq 1,12
[    0.588634] serio: i8042 KBD port at 0x60,0x64 irq 1
[    0.589241] serio: i8042 AUX port at 0x60,0x64 irq 12
[    0.589967] mousedev: PS/2 mouse device common for all mice
[    0.591186] input: AT Translated Set 2 keyboard as /devices/platform/i8042/serio0/input/input2
[    0.592039] rtc_cmos rtc_cmos: rtc core: registered rtc_cmos as rtc0
[    0.592927] rtc_cmos rtc_cmos: alarms up to one day, 114 bytes nvram
[    0.593654] i2c /dev entries driver
[    0.594219] device-mapper: uevent: version 1.0.3
[    0.594755] device-mapper: ioctl: 4.37.0-ioctl (2017-09-20) initialised: dm-devel@redhat.com
[    0.595753] ledtrig-cpu: registered to indicate activity on CPUs
[    0.596900] NET: Registered protocol family 10
[    0.600016] Segment Routing with IPv6
[    0.600574] NET: Registered protocol family 17
[    0.601171] Key type dns_resolver registered
[    0.601839] mce: Using 0 MCE banks
[    0.602314] RAS: Correctable Errors collector initialized.
[    0.602955] sched_clock: Marking stable (601790049, 0)->(751134157, -149344108)
[    0.604061] registered taskstats version 1
[    0.604575] Loading compiled-in X.509 certificates
[    0.607215] Loaded X.509 cert 'Build time autogenerated kernel key: 495c641868e7df5e32bc382f03c4f4fc9cad4e78'
[    0.608414] zswap: loaded using pool lzo/zbud
[    0.611592] Key type big_key registered
[    0.612100] Key type trusted registered
[    0.613693] Key type encrypted registered
[    0.614196] AppArmor: AppArmor sha1 policy hashing enabled
[    0.614833] ima: No TPM chip found, activating TPM-bypass! (rc=-19)
[    0.615583] ima: Allocated hash algorithm: sha1
[    0.616122] evm: HMAC attrs: 0x1
[    0.616788]   Magic number: 4:324:66
[    0.617331] rtc_cmos rtc_cmos: setting system clock to 2020-09-14 07:04:05 UTC (1600067045)
[    0.618450] BIOS EDD facility v0.16 2004-Jun-25, 0 devices found
[    0.619151] EDD information not available.
[    0.773223] Freeing unused kernel image memory: 2436K
[    0.784411] Write protecting the kernel read-only data: 20480k
[    0.786761] Freeing unused kernel image memory: 2008K
[    0.788451] Freeing unused kernel image memory: 1872K
[    0.799088] x86/mm: Checked W+X mappings: passed, no W+X pages found.
[    0.800276] x86/mm: Checking user space page tables
[    0.807921] x86/mm: Checked W+X mappings: passed, no W+X pages found.
Loading, please wait...
starting version 237
[    0.858919] e1000: Intel(R) PRO/1000 Network Driver - version 7.3.21-k8-NAPI
[    0.859802] e1000: Copyright (c) 1999-2006 Intel Corporation.
[    0.861859] Fusion MPT base driver 3.04.20
[    0.862370] Copyright (c) 1999-2008 LSI Corporation
[    0.871909] Fusion MPT SPI Host driver 3.04.20
[    0.878908] AVX2 version of gcm_enc/dec engaged.
[    0.879521] AES CTR mode by8 optimization enabled
[    1.072935] input: ImExPS/2 Generic Explorer Mouse as /devices/platform/i8042/serio1/input/input4
[    1.219166] e1000 0000:00:03.0 eth0: (PCI:33MHz:32-bit) 02:12:97:df:f3:54
[    1.220337] e1000 0000:00:03.0 eth0: Intel(R) PRO/1000 Network Connection
[    1.222442] mptbase: ioc0: Initiating bringup
[    1.317019] ioc0: LSI53C1030 A0: Capabilities={Initiator}
[    1.564535] scsi host2: ioc0: LSI53C1030 A0, FwRev=00000000h, Ports=1, MaxQ=256, IRQ=20
[    1.737597] scsi 2:0:0:0: Direct-Access     VBOX     HARDDISK         1.0  PQ: 0 ANSI: 5
[    1.776528] scsi target2:0:0: Beginning Domain Validation
[    1.842203] scsi target2:0:0: Domain Validation skipping write tests
[    1.842960] scsi target2:0:0: Ending Domain Validation
[    1.852128] scsi target2:0:0: asynchronous
[    1.852934] scsi 2:0:1:0: Direct-Access     VBOX     HARDDISK         1.0  PQ: 0 ANSI: 5
[    2.081871] scsi target2:0:1: Beginning Domain Validation
[    2.083414] random: fast init done
[    2.083960] scsi target2:0:1: Domain Validation skipping write tests
[    2.084798] scsi target2:0:1: Ending Domain Validation
[    2.085538] scsi target2:0:1: asynchronous
[    2.088715] random: systemd-udevd: uninitialized urandom read (16 bytes read)
[    2.089712] random: systemd-udevd: uninitialized urandom read (16 bytes read)
[    2.091211] random: systemd-udevd: uninitialized urandom read (16 bytes read)
[    2.092458] sd 2:0:0:0: [sda] 20971520 512-byte logical blocks: (10.7 GB/10.0 GiB)
[    2.092538] sd 2:0:0:0: Attached scsi generic sg0 type 0
[    2.094475] sd 2:0:0:0: [sda] Write Protect is off
[    2.094582] sd 2:0:1:0: Attached scsi generic sg1 type 0
[    2.096206] sd 2:0:0:0: [sda] Incomplete mode parameter data
[    2.097150] sd 2:0:0:0: [sda] Assuming drive cache: write through
[    2.098234] sd 2:0:1:0: [sdb] 20480 512-byte logical blocks: (10.5 MB/10.0 MiB)
[    2.099551] sd 2:0:1:0: [sdb] Write Protect is off
[    2.100582] sd 2:0:1:0: [sdb] Incomplete mode parameter data
[    2.101524] sd 2:0:1:0: [sdb] Assuming drive cache: write through
[    2.103306]  sda: sda1
[    2.104741] sd 2:0:0:0: [sda] Attached SCSI disk
[    2.106083] sd 2:0:1:0: [sdb] Attached SCSI disk
[    2.113200] e1000 0000:00:08.0 eth1: (PCI:33MHz:32-bit) 08:00:27:94:1b:45
[    2.114163] e1000 0000:00:08.0 eth1: Intel(R) PRO/1000 Network Connection
[    2.116073] e1000 0000:00:08.0 enp0s8: renamed from eth1
[    2.132297] e1000 0000:00:03.0 enp0s3: renamed from eth0
Begin: Loading essential drivers ... [    3.548197] raid6: sse2x1   gen() 12653 MB/s
[    3.598318] raid6: sse2x1   xor() 10399 MB/s
[    3.648285] raid6: sse2x2   gen() 18230 MB/s
[    3.696846] raid6: sse2x2   xor() 11349 MB/s
[    3.752633] raid6: sse2x4   gen() 22144 MB/s
[    3.810815] raid6: sse2x4   xor() 12716 MB/s
[    3.856834] raid6: avx2x1   gen() 26461 MB/s
[    3.908635] raid6: avx2x1   xor() 20819 MB/s
[    3.960229] raid6: avx2x2   gen() 34333 MB/s
[    4.012388] raid6: avx2x2   xor() 22750 MB/s
[    4.072309] raid6: avx2x4   gen() 47033 MB/s
[    4.132344] raid6: avx2x4   xor() 27885 MB/s
[    4.132936] raid6: using algorithm avx2x4 gen() 47033 MB/s
[    4.133644] raid6: .... xor() 27885 MB/s, rmw enabled
[    4.134342] raid6: using avx2x2 recovery algorithm
[    4.136002] xor: automatically using best checksumming function   avx       
[    4.137628] async_tx: api initialized (async)
done.
Begin: Running /scripts/init-premount ... done.
Begin: Mounting root file system ... Begin: Running /scripts/local-top ... done.
Begin: Running /scripts/local-premount ... [    4.173099] Btrfs loaded, crc32c=crc32c-intel
Scanning for Btrfs filesystems
done.
Warning: fsck not present, so skipping root file system
[    4.196811] EXT4-fs (sda1): mounted filesystem with ordered data mode. Opts: (null)
done.
Begin: Running /scripts/local-bottom ... done.
Begin: Running /scripts/init-bottom ... done.
[    4.444457] ip_tables: (C) 2000-2006 Netfilter Core Team
[    4.462043] systemd[1]: systemd 237 running in system mode. (+PAM +AUDIT +SELINUX +IMA +APPARMOR +SMACK +SYSVINIT +UTMP +LIBCRYPTSETUP +GCRYPT +GNUTLS +ACL +XZ +LZ4 +SECCOMP +BLKID +ELFUTILS +KMOD -IDN2 +IDN -PCRE2 default-hierarchy=hybrid)
[    4.468534] systemd[1]: Detected virtualization oracle.
[    4.470161] systemd[1]: Detected architecture x86-64.

Welcome to [1mUbuntu 18.04.4 LTS[0m!

[    4.482036] systemd[1]: Set hostname to <ubuntu>.
[    4.489945] systemd[1]: Initializing machine ID from random generator.
[    4.492479] systemd[1]: Installed transient /etc/machine-id file.
[    4.791793] systemd[1]: Created slice System Slice.
[[0;32m  OK  [0m] Created slice System Slice.
[    4.804262] systemd[1]: Listening on LVM2 poll daemon socket.
[[0;32m  OK  [0m] Listening on LVM2 poll daemon socket.
[    4.805519] systemd[1]: Listening on LVM2 metadata daemon socket.
[[0;32m  OK  [0m] Listening on LVM2 metadata daemon socket.
[    4.806906] systemd[1]: Listening on Journal Audit Socket.
[[0;32m  OK  [0m] Listening on Journal Audit Socket.
[[0;32m  OK  [0m] Listening on Network Service Netlink Socket.
[[0;32m  OK  [0m] Listening on Syslog Socket.
[[0;32m  OK  [0m] Created slice User and Session Slice.
[[0;32m  OK  [0m] Reached target Swap.
[[0;32m  OK  [0m] Reached target Slices.
[[0;32m  OK  [0m] Listening on /dev/initctl Compatibility Named Pipe.
[[0;32m  OK  [0m] Created slice system-serial\x2dgetty.slice.
[[0;32m  OK  [0m] Started Forward Password Requests to Wall Directory Watch.
[[0;32m  OK  [0m] Set up automount Arbitrary Executab…rmats File System Automount Point.
[[0;32m  OK  [0m] Reached target System Time Synchronized.
[[0;32m  OK  [0m] Listening on udev Control Socket.
[[0;32m  OK  [0m] Listening on Journal Socket (/dev/log).
[[0;32m  OK  [0m] Reached target User and Group Name Lookups.
[[0;32m  OK  [0m] Listening on Device-mapper event daemon FIFOs.
[[0;32m  OK  [0m] Listening on Journal Socket.
         Starting Set the console keyboard layout...
         Starting Load Kernel Modules...
         Starting Uncomplicated firewall...
         Starting Create list of required st…ce nodes for the current kernel...
         Starting Journal Service...
         Mounting Huge Pages File System...
         Mounting POSIX Message Queue File System...
[    4.836636] Loading iSCSI transport class v2.0-870.
[    4.841014] iscsi: registered transport (tcp)
[    4.852837] iscsi: registered transport (iser)
         Mounting Kernel Debug File System...
         Starting Remount Root and Kernel File Systems...
[[0;32m  OK  [0m] Listening on udev Kernel Socket.
         Starting udev Coldplug all Devices...
         Starting Monitoring of LVM2 mirrors…ng dmeventd or progress polling...
[[0;32m  OK  [0m] Started Load Kernel Modules.
[[0;32m  OK  [0m] Started Uncomplicated firewall.
[[0;32m  OK  [0m] Started Create list of required sta…vice nodes for the current kernel.
         Starting Create Static Device Nodes in /dev...
         Mounting Kernel Configuration File System...
         Starting Apply Kernel Variables...
         Mounting FUSE Control File System...
[[0;32m  OK  [0m] Started Journal Service.
[[0;32m  OK  [0m] Mounted Kernel Debug File System.
[[0;32m  OK  [0m] Mounted Kernel Configuration File System.
[[0;32m  OK  [0m] Mounted Huge Pages File System.
[[0;32m  OK  [0m] Mounted POSIX Message Queue File System.
[[0;32m  OK  [0m] Mounted FUSE Control File System.
[[0;32m  OK  [0m] Started LVM2 metadata daemon.
[[0;32m  OK  [0m] Started udev Coldplug all Devices.
[[0;32m  OK  [0m] Started Create Static Device Nodes in /dev.
[[0;32m  OK  [0m] Started Remount Root and Kernel File Systems.
         Starting udev Kernel Device Manager...
         Starting Flush Journal to Persistent Storage...
         Starting Load/Save Random Seed...
[[0;32m  OK  [0m] Started Monitoring of LVM2 mirrors,…sing dmeventd or progress polling.
[[0;32m  OK  [0m] Started Apply Kernel Variables.
[[0;32m  OK  [0m] Started Load/Save Random Seed.
[[0;32m  OK  [0m] Started Set the console keyboard layout.
[[0;32m  OK  [0m] Reached target Local File Systems (Pre).
[[0;32m  OK  [0m] Reached target Local File Systems.
         Starting Commit a transient machine-id on disk...
         Starting AppArmor initialization...
         Starting Set console font and keymap...
         Starting ebtables ruleset management...
         Starting Tell Plymouth To Write Out Runtime Data...
[[0;32m  OK  [0m] Started udev Kernel Device Manager.
[[0;32m  OK  [0m] Started Dispatch Password Requests to Console Directory Watch.
[[0;32m  OK  [0m] Reached target Local Encrypted Volumes.
[[0;32m  OK  [0m] Started Set console font and keymap.
[[0;32m  OK  [0m] Started Flush Journal to Persistent Storage.
         Starting Create Volatile Files and Directories...
[[0;32m  OK  [0m] Started Tell Plymouth To Write Out Runtime Data.
[[0;32m  OK  [0m] Started Create Volatile Files and Directories.
         Starting Update UTMP about System Boot/Shutdown...
[[0;32m  OK  [0m] Started Commit a transient machine-id on disk.
[[0;32m  OK  [0m] Started Update UTMP about System Boot/Shutdown.
[[0;32m  OK  [0m] Started ebtables ruleset management.
[[0;32m  OK  [0m] Found device /dev/ttyS0.
[[0;32m  OK  [0m] Listening on Load/Save RF Kill Switch Status /dev/rfkill Watch.
[[0;32m  OK  [0m] Started AppArmor initialization.
         Starting Initial cloud-init job (pre-networking)...
[    6.829812] cloud-init[550]: Cloud-init v. 19.4-33-gbb4131a2-0ubuntu1~18.04.1 running 'init-local' at Mon, 14 Sep 2020 07:04:11 +0000. Up 6.52 seconds.
[[0;32m  OK  [0m] Started Initial cloud-init job (pre-networking).
[[0;32m  OK  [0m] Reached target Network (Pre).
         Starting Network Service...
[[0;32m  OK  [0m] Started Network Service.
         Starting Wait for Network to be Configured...
         Starting Network Name Resolution...
[[0;32m  OK  [0m] Started Network Name Resolution.
[[0;32m  OK  [0m] Reached target Host and Network Name Lookups.
[[0;32m  OK  [0m] Reached target Network.
[[0;32m  OK  [0m] Started Wait for Network to be Configured.
         Starting Initial cloud-init job (metadata service crawler)...
[    8.966059] cloud-init[659]: Cloud-init v. 19.4-33-gbb4131a2-0ubuntu1~18.04.1 running 'init' at Mon, 14 Sep 2020 07:04:13 +0000. Up 8.86 seconds.
[    8.967404] cloud-init[659]: ci-info: ++++++++++++++++++++++++++++++++++++++Net device info+++++++++++++++++++++++++++++++++++++++
[    8.968436] cloud-init[659]: ci-info: +--------+-------+----------------------------+---------------+--------+-------------------+
[    8.969376] cloud-init[659]: ci-info: | Device |   Up  |          Address           |      Mask     | Scope  |     Hw-Address    |
[    8.970319] cloud-init[659]: ci-info: +--------+-------+----------------------------+---------------+--------+-------------------+
[    8.971310] cloud-init[659]: ci-info: | enp0s3 |  True |         10.0.2.15          | 255.255.255.0 | global | 02:12:97:df:f3:54 |
[    8.972263] cloud-init[659]: ci-info: | enp0s3 |  True | fe80::12:97ff:fedf:f354/64 |       .       |  link  | 02:12:97:df:f3:54 |
[    8.973285] cloud-init[659]: ci-info: | enp0s8 | False |             .              |       .       |   .    | 08:00:27:94:1b:45 |
[    8.974324] cloud-init[659]: ci-info: |   lo   |  True |         127.0.0.1          |   255.0.0.0   |  host  |         .         |
[    8.975275] cloud-init[659]: ci-info: |   lo   |  True |          ::1/128           |       .       |  host  |         .         |
[    8.976215] cloud-init[659]: ci-info: +--------+-------+----------------------------+---------------+--------+-------------------+
[    8.977138] cloud-init[659]: ci-info: ++++++++++++++++++++++++++++Route IPv4 info+++++++++++++++++++++++++++++
[    8.977954] cloud-init[659]: ci-info: +-------+-------------+----------+-----------------+-----------+-------+
[    8.978799] cloud-init[659]: ci-info: | Route | Destination | Gateway  |     Genmask     | Interface | Flags |
[    8.979656] cloud-init[659]: ci-info: +-------+-------------+----------+-----------------+-----------+-------+
[    8.980514] cloud-init[659]: ci-info: |   0   |   0.0.0.0   | 10.0.2.2 |     0.0.0.0     |   enp0s3  |   UG  |
[    8.981364] cloud-init[659]: ci-info: |   1   |   10.0.2.0  | 0.0.0.0  |  255.255.255.0  |   enp0s3  |   U   |
[    8.982465] cloud-init[659]: ci-info: |   2   |   10.0.2.2  | 0.0.0.0  | 255.255.255.255 |   enp0s3  |   UH  |
[    8.983575] cloud-init[659]: ci-info: +-------+-------------+----------+-----------------+-----------+-------+
[    8.984709] cloud-init[659]: ci-info: +++++++++++++++++++Route IPv6 info+++++++++++++++++++
[    8.985447] cloud-init[659]: ci-info: +-------+-------------+---------+-----------+-------+
[    8.986138] cloud-init[659]: ci-info: | Route | Destination | Gateway | Interface | Flags |
[    8.986868] cloud-init[659]: ci-info: +-------+-------------+---------+-----------+-------+
[    8.987563] cloud-init[659]: ci-info: |   1   |  fe80::/64  |    ::   |   enp0s3  |   U   |
[    8.988251] cloud-init[659]: ci-info: |   3   |    local    |    ::   |   enp0s3  |   U   |
[    8.988945] cloud-init[659]: ci-info: |   4   |   ff00::/8  |    ::   |   enp0s3  |   U   |
[    8.989623] cloud-init[659]: ci-info: +-------+-------------+---------+-----------+-------+
[    9.795072] cloud-init[659]: Generating public/private rsa key pair.
[    9.795880] cloud-init[659]: Your identification has been saved in /etc/ssh/ssh_host_rsa_key.
[    9.796848] cloud-init[659]: Your public key has been saved in /etc/ssh/ssh_host_rsa_key.pub.
[    9.797720] cloud-init[659]: The key fingerprint is:
[    9.798301] cloud-init[659]: SHA256:WfaaZuu9sph2iAOXTf5PFZwwgcTKbrwmVsl4Csw8WNc root@ubuntu-bionic
[    9.799228] cloud-init[659]: The key's randomart image is:
[    9.808276] cloud-init[659]: +---[RSA 2048]----+
[    9.808690] cloud-init[659]: |         o..+.   |
[    9.809327] cloud-init[659]: |          o  + . |
[    9.809718] cloud-init[659]: |       o .o   +  |
[    9.810087] cloud-init[659]: |    . . E+ .   . |
[    9.810741] cloud-init[659]: |   * . XS.  . .  |
[    9.811426] cloud-init[659]: |  . B + @  o .   |
[    9.812074] cloud-init[659]: |     = * += .    |
[    9.812761] cloud-init[659]: |      * ==++     |
[    9.813388] cloud-init[659]: |     . =oo+++.   |
[    9.824239] cloud-init[659]: +----[SHA256]-----+
[    9.824680] cloud-init[659]: Generating public/private dsa key pair.
[    9.825531] cloud-init[659]: Your identification has been saved in /etc/ssh/ssh_host_dsa_key.
[    9.826383] cloud-init[659]: Your public key has been saved in /etc/ssh/ssh_host_dsa_key.pub.
[    9.827467] cloud-init[659]: The key fingerprint is:
[    9.828168] cloud-init[659]: SHA256:Uhw1Kh/rBenmAg9ZE5lWxmlOVNXon3m8YDYpUrHBwXQ root@ubuntu-bionic
[    9.829045] cloud-init[659]: The key's randomart image is:
[    9.829577] cloud-init[659]: +---[DSA 1024]----+
[    9.830215] cloud-init[659]: |      .*=+B+oE   |
[    9.830847] cloud-init[659]: |      ++=+ *o .  |
[    9.831327] cloud-init[659]: |     .++B  .+    |
[    9.831983] cloud-init[659]: |     o *.+ o.    |
[    9.832479] cloud-init[659]: |    + . S o  ..+ |
[    9.833157] cloud-init[659]: |     + = o . *+ o|
[    9.833813] cloud-init[659]: |      o o . + o..|
[    9.834412] cloud-init[659]: |       .       . |
[    9.835082] cloud-init[659]: |                 |
[    9.835862] cloud-init[659]: +----[SHA256]-----+
[    9.836746] cloud-init[659]: Generating public/private ecdsa key pair.
[    9.837332] cloud-init[659]: Your identification has been saved in /etc/ssh/ssh_host_ecdsa_key.
[    9.838201] cloud-init[659]: Your public key has been saved in /etc/ssh/ssh_host_ecdsa_key.pub.
[    9.839052] cloud-init[659]: The key fingerprint is:
[    9.839769] [[0;32m  OK  [0m] Started Initial cloud-init job (metadata service crawler).
[[0;32m  OK  [0m] Reached target Cloud-config availability.
[[0;32m  OK  [0m] Reached target System Initialization.
         Starting Socket activation for snappy daemon.
[[0;32m  OK  [0m] Started Daily Cleanup of Temporary Directories.
[[0;32m  OK  [0m] Started Discard unused blocks once a week.
[[0;32m  OK  [0m] Listening on D-Bus System Message Bus Socket.
[[0;32m  OK  [0m] Started Daily apt download activities.
[[0;32m  OK  [0m] Started Message of the Day.
[[0;32m  OK  [0m] Listening on UUID daemon activation socket.
cloud-init[659]: SHA256:Vh0AS62R8sZiwGcE0Y0Gw9CkAEr4HJ+JKaxgBRR5oHY root@ubuntu-bionic
[    9.845705] cloud-init[659]: The key's randomart image is:
[    9.847208] cloud-init[659]: +---[ECDSA 256]---+
[    9.847995] cloud-init[659]: |******.oo+...    |
[    9.848551] cloud-init[659]: |=o.+=.B.+... .   |
         Starting LXD - unix socket.
[    9.851063] cloud-init[659]: |+++E B +.o. .    |
[    9.852492] cloud-init[659]: |+o* + o =.       |
[[0;32m  OK  [0m] Started ACPI Events Check.
[    9.855275] cloud-init[659]: |+.   . oS        |
[[0;32m  OK  [0m[    9.856554] ] cloud-initReached target Paths.[659]: 
|.      .         |
[    9.857319] cloud-init[659]: |                 |
[[0;32m  OK  [0m] [    9.857378] Listening on ACPID Listen Socket.cloud-init
[659]: |                 |
[    9.858563] cloud-init[659]: |                 |
[    9.858618] cloud-init[659]: +----[SHA256]-----+
[    9.858959] cloud-init[659]: Generating public/private ed25519 key pair.
[    9.859201] cloud-init[659]: Your identification has been saved in /etc/ssh/ssh_host_ed25519_key.
[    9.859636] cloud-init[659]: Your public key has been saved in /etc/ssh/ssh_host_ed25519_key.pub.
[    9.859968] cloud-init[659]: The key fingerprint is:
[    9.860333] cloud-init[659]: SHA256:I6r7iIzz7qhrbG/IeFMTcm6TxalsqvrHyN8PnEYem+g root@ubuntu-bionic
[    9.860686] cloud-init[659]: The key's randomart image is:
[    9.861006] cloud-init[659]: +--[ED25519 256]--+
[    9.861343] cloud-init[659]: |                 |
[    9.861807] cloud-init[659]: |                 |
[    9.862131] cloud-init[659]: |     . .         |
[    9.862479] cloud-init[659]: |  . o +          |
[    9.862809] cloud-init[659]: |   = =+ S        |
[    9.863143] cloud-init[659]: |    @* * .       |
[    9.863478] cloud-init[659]: |+..BooO          |
[    9.863815] cloud-init[659]: |=O*=oo .         |
[    9.864301] cloud-init[659]: |&@@BE ...        |
[    9.864602] cloud-init[659]: +----[SHA256]-----+
[[0;32m  OK  [0m] Listening on Open-iSCSI iscsid Socket.
[[0;32m  OK  [0m] Started Daily apt upgrade and clean activities.
[[0;32m  OK  [0m] Reached target Timers.
[[0;32m  OK  [0m] Reached target Network is Online.
         Starting Availability of block devices...
[[0;32m  OK  [0m] Reached target Remote File Systems (Pre).
[[0;32m  OK  [0m] Reached target Remote File Systems.
[[0;32m  OK  [0m] Listening on Socket activation for snappy daemon.
[[0;32m  OK  [0m] Listening on LXD - unix socket.
[[0;32m  OK  [0m] Reached target Sockets.
[[0;32m  OK  [0m] Reached target Basic System.
         Starting Pollinate to seed the pseudo random number generator...
         Starting Virtualbox guest utils...
         Starting LSB: automatic crash report generation...
[[0;32m  OK  [0m] Started irqbalance daemon.
         Starting Permit User Sessions...
[[0;32m  OK  [0m] Started Deferred execution scheduler.
         Starting Login Service...
[[0;32m  OK  [0m] Started Regular background program processing daemon.
[[0;32m  OK  [0m] Started D-Bus System Message Bus.
         Starting LSB: Record successful boot for GRUB...
         Starting Accounts Service...
         Starting Dispatcher daemon for systemd-networkd...
         Starting System Logging Service...
[[0;32m  OK  [0m] Started FUSE filesystem for LXC.
         Starting LXD - container startup/shutdown...
         Starting Snappy daemon...
[[0;32m  OK  [0m] Started System Logging Service.
[[0;32m  OK  [0m] Started Availability of block devices.
[[0;32m  OK  [0m] Started Permit User Sessions.
[[0;32m  OK  [0m] Started Login Service.
         Starting Authorization Manager...
[[0;32m  OK  [0m] Started Unattended Upgrades Shutdown.
         Starting Hold until boot process finishes up...
         Starting Terminate Plymouth Boot Screen...
[[0;32m  OK  [0m] Started Hold until boot process finishes up.
         Starting Set console scheme...
[[0;32m  OK  [0m] Started Serial Getty on ttyS0.
[[0;32m  OK  [0m] Started Terminate Plymouth Boot Screen.
[[0;32m  OK  [0m] Started Authorization Manager.
[[0;32m  OK  [0m] Started Accounts Service.
[[0;32m  OK  [0m] Started Set console scheme.
[[0;32m  OK  [0m] Created slice system-getty.slice.
[[0;32m  OK  [0m] Started Getty on tty1.
[[0;32m  OK  [0m] Reached target Login Prompts.
[[0;32m  OK  [0m] Started LSB: Record successful boot for GRUB.
[[0;32m  OK  [0m] Started LSB: automatic crash report generation.
[[0;32m  OK  [0m] Started Virtualbox guest utils.
[[0;32m  OK  [0m] Started LXD - container startup/shutdown.
[[0;32m  OK  [0m] Started Dispatcher daemon for systemd-networkd.
[[0;32m  OK  [0m] Started Snappy daemon.
         Starting Wait until snapd is fully seeded...
[[0;32m  OK  [0m] Started Wait until snapd is fully seeded.
         Starting Apply the settings specified in cloud-config...
[   12.599856] cloud-init[1183]: Cloud-init v. 19.4-33-gbb4131a2-0ubuntu1~18.04.1 running 'modules:config' at Mon, 14 Sep 2020 07:04:17 +0000. Up 12.27 seconds.
[[0;32m  OK  [0m] Started Apply the settings specified in cloud-config.

Ubuntu 18.04.4 LTS ubuntu-bionic ttyS0

ubuntu-bionic login: ci-info: no authorized SSH keys fingerprints found for user ubuntu.
<14>Sep 14 07:04:21 ec2: 
<14>Sep 14 07:04:21 ec2: #############################################################
<14>Sep 14 07:04:21 ec2: -----BEGIN SSH HOST KEY FINGERPRINTS-----
<14>Sep 14 07:04:21 ec2: 1024 SHA256:Uhw1Kh/rBenmAg9ZE5lWxmlOVNXon3m8YDYpUrHBwXQ root@ubuntu-bionic (DSA)
<14>Sep 14 07:04:21 ec2: 256 SHA256:Vh0AS62R8sZiwGcE0Y0Gw9CkAEr4HJ+JKaxgBRR5oHY root@ubuntu-bionic (ECDSA)
<14>Sep 14 07:04:21 ec2: 256 SHA256:I6r7iIzz7qhrbG/IeFMTcm6TxalsqvrHyN8PnEYem+g root@ubuntu-bionic (ED25519)
<14>Sep 14 07:04:21 ec2: 2048 SHA256:WfaaZuu9sph2iAOXTf5PFZwwgcTKbrwmVsl4Csw8WNc root@ubuntu-bionic (RSA)
<14>Sep 14 07:04:21 ec2: -----END SSH HOST KEY FINGERPRINTS-----
<14>Sep 14 07:04:21 ec2: #############################################################
-----BEGIN SSH HOST KEY KEYS-----
ecdsa-sha2-nistp256 AAAAE2VjZHNhLXNoYTItbmlzdHAyNTYAAAAIbmlzdHAyNTYAAABBBEXktUK/vMJfrIMlfTJv15D/Q074LKsYnlCkf2QlZ6YmWi+lmZXeEkaOvsHJxgc8JQSU5ziSJa13OBEG0RftvHc= root@ubuntu-bionic
ssh-ed25519 AAAAC3NzaC1lZDI1NTE5AAAAIIdrRfm7iNrTM8r3aPHZYUJP1tSl79WawfBnTqkYpkkx root@ubuntu-bionic
ssh-rsa AAAAB3NzaC1yc2EAAAADAQABAAABAQDyfXoTsBP/lOaljOMFYhQYIKPoifLQQ6vu6GdJZEL1QBFQpVR+jrfgYDeuCQcAYnJn154s0EEQnx+H3ySNGfP3Mw3kBpEGs3TT98p8isarvrz/gd+h/FcaNyw3wUos90wedEB0hMjf6CHLBEvCKCwp45nH4oK31yEj5CPMK2FM28r5b+VqmodgpY4WLB2YpwqRh5gb+1BIoUkUvyrgpf7+UqT0A1aIx/zLPyiP9kqU477qPtaTIViIM5nOitdK23ZhiFlueZYoYhorQsTXrskISr/DVHKVfRGun6nubVufwLbwLOHJQbhHcZ55NYzkn4cP/I2ovCcp5CRetrwlt3DP root@ubuntu-bionic
-----END SSH HOST KEY KEYS-----
[   16.715659] cloud-init[1274]: Cloud-init v. 19.4-33-gbb4131a2-0ubuntu1~18.04.1 running 'modules:final' at Mon, 14 Sep 2020 07:04:21 +0000. Up 16.53 seconds.
[   16.721533] cloud-init[1274]: ci-info: no authorized SSH keys fingerprints found for user ubuntu.
[   16.722766] cloud-init[1274]: Cloud-init v. 19.4-33-gbb4131a2-0ubuntu1~18.04.1 finished at Mon, 14 Sep 2020 07:04:21 +0000. Datasource DataSourceNoCloud [seed=/dev/sdb][dsmode=net].  Up 16.69 seconds
